Arguments: 
  /usr/local/bin/node /home/souman/.yarn/bin/yarn.js install

PATH: 
  /home/souman/.yarn/bin:/home/souman/.config/yarn/global/node_modules/.bin:/opt/maven/bin:/usr/local/sbin:/usr/local/bin:/usr/sbin:/usr/bin:/sbin:/bin:/usr/games:/usr/local/games:/snap/bin:/home/souman/.dotnet/tools:/usr/lib/jvm/java-8-oracle/bin:/usr/lib/jvm/java-8-oracle/db/bin:/usr/lib/jvm/java-8-oracle/jre/bin:/home/souman/bin:/usr/lib/jvm/jdk-10.0.1/bin

Yarn version: 
  1.21.1

Node version: 
  10.15.3

Platform: 
  linux x64

Trace: 
  Error: ENOENT: no such file or directory, copyfile '/home/souman/.cache/yarn/v6/npm-babel-jest-24.9.0-3fc327cb8467b89d14d7bc70e315104a783ccd54-integrity/node_modules/babel-jest/build/index.d.ts' -> '/home/souman/Desktop/CODE/Apps/Apps/FullStack/aFullApp/Resturent/client/node_modules/babel-jest/build/index.d.ts'

npm manifest: 
  {
    "name": "confusion",
    "version": "0.1.0",
    "private": true,
    "dependencies": {
      "bootstrap": "4.4.1",
      "bootstrap-social": "5.1.1",
      "cross-fetch": "3.0.4",
      "font-awesome": "4.7.0",
      "prop-types": "15.7.2",
      "react": "^16.12.0",
      "react-animation-components": "3.0.0",
      "react-dom": "^16.12.0",
      "react-popper": "1.3.6",
      "react-redux": "7.1.3",
      "react-redux-form": "1.16.14",
      "react-router-dom": "5.1.2",
      "react-scripts": "3.2.0",
      "react-transition-group": "4.3.0",
      "reactstrap": "8.1.1",
      "redux": "4.0.4",
      "redux-logger": "3.0.6",
      "redux-thunk": "2.3.0",
      "axios": "^0.19.0"
    },
    "scripts": {
      "start": "react-scripts start",
      "build": "react-scripts build",
      "test": "react-scripts test --env=jsdom",
      "eject": "react-scripts eject"
    },
    "browserslist": {
      "production": [
        ">0.2%",
        "not dead",
        "not op_mini all"
      ],
      "development": [
        "last 1 chrome version",
        "last 1 firefox version",
        "last 1 safari version"
      ]
    }
  }

yarn manifest: 
  No manifest

Lockfile: 
  No lockfile
